Error: Se ha registrado un error
    at Object.<anonymous> (G:\nodepoertable\console.js:27:16)
    at Module._compile (module.js:570:32)
    at Object.Module._extensions..js (module.js:579:10)
    at Module.load (module.js:487:32)
    at tryModuleLoad (module.js:446:12)
    at Function.Module._load (module.js:438:3)
    at Module.runMain (module.js:604:10)
    at run (bootstrap_node.js:393:7)
    at startup (bootstrap_node.js:150:9)
    at bootstrap_node.js:508:3
Trace: Mostramos el seguimiento
    at tres (G:\nodepoertable\console.js:63:12)
    at dos (G:\nodepoertable\console.js:67:3)
    at uno (G:\nodepoertable\console.js:70:4)
    at Object.<anonymous> (G:\nodepoertable\console.js:72:1)
    at Module._compile (module.js:570:32)
    at Object.Module._extensions..js (module.js:579:10)
    at Module.load (module.js:487:32)
    at tryModuleLoad (module.js:446:12)
    at Function.Module._load (module.js:438:3)
    at Module.runMain (module.js:604:10)
